#
# A fatal error has been detected by the Java Runtime Environment:
#
#  EXCEPTION_ACCESS_VIOLATION (0xc0000005) at pc=0x00007ff9ed5eb5b6, pid=2064, tid=18488
#
# JRE version: OpenJDK Runtime Environment Temurin-21.0.6+7 (21.0.6+7) (build 21.0.6+7-LTS)
# Java VM: OpenJDK 64-Bit Server VM Temurin-21.0.6+7 (21.0.6+7-LTS, mixed mode, sharing, tiered, compressed oops, compressed class ptrs, g1 gc, windows-amd64)
# Problematic frame:
# C  [awt.dll+0xdb5b6]
#
# No core dump will be written. Minidumps are not enabled by default on client versions of Windows
#
# If you would like to submit a bug report, please visit:
#   https://github.com/adoptium/adoptium-support/issues
# The crash happened outside the Java Virtual Machine in native code.
# See problematic frame for where to report the bug.
#

---------------  S U M M A R Y ------------

Command Line: -ea -agentlib:jdwp=transport=dt_shmem,address=javadebug -Dfile.encoding=UTF-8 bluej.runtime.ExecServer UTF-8

Host: Intel(R) Core(TM) i5-14400F, 16 cores, 31G,  Windows 11 , 64 bit Build 26100 (10.0.26100.7019)
Time: Sun Mar  1 19:28:17 2026 Hora est. Pacífico, Sudamérica elapsed time: 1298.162242 seconds (0d 0h 21m 38s)

---------------  T H R E A D  ---------------

Current thread (0x0000023bfb0447f0):  JavaThread "AWT-EventQueue-0"        [_thread_in_native, id=18488, stack(0x00000095cc400000,0x00000095cc500000) (1024K)]

Stack: [0x00000095cc400000,0x00000095cc500000],  sp=0x00000095cc4fea30,  free space=1018k
Native frames: (J=compiled Java code, j=interpreted, Vv=VM code, C=native code)
C  [awt.dll+0xdb5b6]

Java frames: (J=compiled Java code, j=interpreted, Vv=VM code)
j  sun.awt.Win32GraphicsDevice.initNativeScale(I)V+0 java.desktop@21.0.6
j  sun.awt.Win32GraphicsDevice.initScaleFactors()V+60 java.desktop@21.0.6
j  sun.awt.Win32GraphicsDevice.displayChanged()V+16 java.desktop@21.0.6
j  sun.awt.Win32GraphicsEnvironment.displayChanged()V+271 java.desktop@21.0.6
j  sun.awt.windows.WToolkit.lambda$displayChanged$4()V+15 java.desktop@21.0.6
j  sun.awt.windows.WToolkit$$Lambda+0x0000023bb706f068.run()V+0 java.desktop@21.0.6
j  java.awt.event.InvocationEvent.dispatch()V+47 java.desktop@21.0.6
j  java.awt.EventQueue.dispatchEventImpl(Ljava/awt/AWTEvent;Ljava/lang/Object;)V+21 java.desktop@21.0.6
j  java.awt.EventQueue$4.run()Ljava/lang/Void;+32 java.desktop@21.0.6
j  java.awt.EventQueue$4.run()Ljava/lang/Object;+1 java.desktop@21.0.6
j  java.security.AccessController.executePrivileged(Ljava/security/PrivilegedAction;Ljava/security/AccessControlContext;Ljava/lang/Class;)Ljava/lang/Object;+29 java.base@21.0.6
j  java.security.AccessController.doPrivileged(Ljava/security/PrivilegedAction;Ljava/security/AccessControlContext;)Ljava/lang/Object;+13 java.base@21.0.6
j  java.security.ProtectionDomain$JavaSecurityAccessImpl.doIntersectionPrivilege(Ljava/security/PrivilegedAction;Ljava/security/AccessControlContext;Ljava/security/AccessControlContext;)Ljava/lang/Object;+18 java.base@21.0.6
j  java.awt.EventQueue.dispatchEvent(Ljava/awt/AWTEvent;)V+46 java.desktop@21.0.6
j  java.awt.EventDispatchThread.pumpOneEventForFilters(I)V+81 java.desktop@21.0.6
j  java.awt.EventDispatchThread.pumpEventsForFilter(ILjava/awt/Conditional;Ljava/awt/EventFilter;)V+35 java.desktop@21.0.6
j  java.awt.EventDispatchThread.pumpEventsForHierarchy(ILjava/awt/Conditional;Ljava/awt/Component;)V+11 java.desktop@21.0.6
j  java.awt.EventDispatchThread.pumpEvents(ILjava/awt/Conditional;)V+4 java.desktop@21.0.6
j  java.awt.EventDispatchThread.pumpEvents(Ljava/awt/Conditional;)V+3 java.desktop@21.0.6
j  java.awt.EventDispatchThread.run()V+9 java.desktop@21.0.6
v  ~StubRoutines::call_stub 0x0000023ba034100d

siginfo: EXCEPTION_ACCESS_VIOLATION (0xc0000005), reading address 0xffffffffffffffff


Registers:
RAX=0x6e03000000000000, RBX=0x0000023bfb044570, RCX=0x6e03000000000000, RDX=0x0000000000000000
RSP=0x00000095cc4fea30, RBP=0x00000095cc4feb10, RSI=0x0000000000000000, RDI=0x0000000000000000
R8 =0x0000000000000001, R9 =0x00000095cc02e000, R10=0x0000023ba0350787, R11=0x0000000000000100
R12=0x0000000000000000, R13=0x0000023bf7244a08, R14=0x00000095cc4feb38, R15=0x0000023bfb0447f0
RIP=0x00007ff9ed5eb5b6, EFLAGS=0x0000000000010206

XMM[0]=0x0000000000000000 0x0000000000000000
XMM[1]=0x0000000000000000 0x00000000bf800000
XMM[2]=0x0000000000000000 0x0000000000000000
XMM[3]=0x0000000000000000 0x0000000000000000
XMM[4]=0x0000000000000000 0x0000000000000000
XMM[5]=0x0000000000000000 0x0000000000000000
XMM[6]=0x0000000000000000 0x0000000000000000
XMM[7]=0x0000000000000000 0x0000000000000000
XMM[8]=0x0000000000000000 0x0000000000000000
XMM[9]=0x0000000000000000 0x0000000000000000
XMM[10]=0x0000000000000000 0x0000000000000000
XMM[11]=0x0000000000000000 0x0000000000000000
XMM[12]=0x0000000000000000 0x0000000000000000
XMM[13]=0x0000000000000000 0x0000000000000000
XMM[14]=0x0000000000000000 0x0000000000000000
XMM[15]=0x0000000000000000 0x0000000000000000
  MXCSR=0x00001fa0


Register to memory mapping:

RAX=0x6e03000000000000 is an unknown value
RBX=0x0000023bfb044570 points into unknown readable memory: 0x0000023bb5864470 | 70 44 86 b5 3b 02 00 00
RCX=0x6e03000000000000 is an unknown value
RDX=0x0 is null
RSP=0x00000095cc4fea30 is pointing into the stack for thread: 0x0000023bfb0447f0
RBP=0x00000095cc4feb10 is pointing into the stack for thread: 0x0000023bfb0447f0
RSI=0x0 is null
RDI=0x0 is null
R8 =0x0000000000000001 is an unknown value
R9 =0x00000095cc02e000 points into unknown readable memory: 0x0000000000000000 | 00 00 00 00 00 00 00 00
R10=0x0000023ba0350787 is at code_begin+1927 in an Interpreter codelet
native method entry point (kind = native)  [0x0000023ba0350000, 0x0000023ba0351238]  4664 bytes
R11=0x0000000000000100 is an unknown value
R12=0x0 is null
R13={method} {0x0000023bf7244a10} 'initNativeScale' '(I)V' in 'sun/awt/Win32GraphicsDevice'
R14=0x00000095cc4feb38 is pointing into the stack for thread: 0x0000023bfb0447f0
R15=0x0000023bfb0447f0 is a thread

Top of Stack: (sp=0x00000095cc4fea30)
0x00000095cc4fea30:   0000023bfb044570 0000023ba03495b8
0x00000095cc4fea40:   0000000000000000 0000023bfb044570
0x00000095cc4fea50:   0000023bfb044570 00007ff9ed5ecdf2
0x00000095cc4fea60:   00007ff9ed64a848 0000023bf7244a08
0x00000095cc4fea70:   0000000000000000 00007ff9d6b7d328
0x00000095cc4fea80:   0000023ba03496b9 0000023ba03507b6
0x00000095cc4fea90:   0000023bf7244a08 0000023bfb0447f0
0x00000095cc4feaa0:   0000000000000000 0000000000000000
0x00000095cc4feab0:   00000095cc4feb10 0000000000000001
0x00000095cc4feac0:   0000000622ae17c0 00000095cc4feac8
0x00000095cc4fead0:   0000000000000000 0000000000000005
0x00000095cc4feae0:   0000023bf7247a40 0000000000000000
0x00000095cc4feaf0:   0000000622970be0 0000023bf7244a08
0x00000095cc4feb00:   0000000000000000 00000095cc4feb30
0x00000095cc4feb10:   00000095cc4feb88 0000023ba03491b4
0x00000095cc4feb20:   0000000000000000 0000023ba034c6f7
0x00000095cc4feb30:   0000000000000000 0000000622971588
0x00000095cc4feb40:   00000095cc4feb40 0000023bf724505c
0x00000095cc4feb50:   0000000000000002 0000023bf7247a40
0x00000095cc4feb60:   0000000000000000 0000000622970be0
0x00000095cc4feb70:   0000023bf72450a8 00000095cc4feb30
0x00000095cc4feb80:   00000095cc4feb98 00000095cc4febe8
0x00000095cc4feb90:   0000023ba03491b4 0000000622971588
0x00000095cc4feba0:   00000095cc4feba0 0000023bf7246920
0x00000095cc4febb0:   0000000000000003 0000023bf7247a40
0x00000095cc4febc0:   0000000000000000 0000000622970be0
0x00000095cc4febd0:   0000023bf7246968 00000095cc4feb98
0x00000095cc4febe0:   00000095cc4fec00 00000095cc4fec50
0x00000095cc4febf0:   0000023ba03491b4 0000000000000000
0x00000095cc4fec00:   0000000622971588 00000095cc4fec08
0x00000095cc4fec10:   0000023bf72338c7 0000000000000008
0x00000095cc4fec20:   0000023bf7237798 0000000000000000 

Instructions: (pc=0x00007ff9ed5eb5b6)
0x00007ff9ed5eb4b6:   00 68 00 00 00 0f 11 44 24 34 0f 11 44 24 44 0f
0x00007ff9ed5eb4c6:   11 44 24 54 0f 11 44 24 64 0f 11 44 24 74 0f 11
0x00007ff9ed5eb4d6:   84 24 84 00 00 00 89 84 24 94 00 00 00 c7 44 24
0x00007ff9ed5eb4e6:   30 68 00 00 00 48 8d 94 24 a0 00 00 00 48 8b cd
0x00007ff9ed5eb4f6:   ff 15 cc 88 06 00 85 c0 74 40 48 8d 54 24 30 48
0x00007ff9ed5eb506:   8b ce ff 15 ba 88 06 00 85 c0 74 2e 48 8d 54 24
0x00007ff9ed5eb516:   34 48 8d 8c 24 a4 00 00 00 ff 15 eb 83 06 00 85
0x00007ff9ed5eb526:   c0 74 17 48 8d 54 24 44 48 8d 8c 24 b4 00 00 00
0x00007ff9ed5eb536:   ff 15 d4 83 06 00 85 c0 75 11 ff c7 3b 7b 0c 0f
0x00007ff9ed5eb546:   8c 15 ff ff ff 8b 3d 4f be 06 00 48 8b cb e8 b7
0x00007ff9ed5eb556:   c9 f4 ff 90 8b c7 48 8b 8c 24 10 01 00 00 48 33
0x00007ff9ed5eb566:   cc e8 54 02 01 00 4c 8d 9c 24 20 01 00 00 49 8b
0x00007ff9ed5eb576:   5b 18 49 8b 6b 20 49 8b 73 28 49 8b e3 5f c3 cc
0x00007ff9ed5eb586:   cc cc cc cc cc cc cc cc cc cc 48 8b 41 08 48 8b
0x00007ff9ed5eb596:   80 18 0c 00 00 c3 cc cc cc cc 48 8b 41 08 48 05
0x00007ff9ed5eb5a6:   00 04 00 00 c3 cc cc cc cc cc 40 53 48 83 ec 20
0x00007ff9ed5eb5b6:   83 79 50 00 48 8b d9 75 56 48 8b 49 28 4c 8d 44
0x00007ff9ed5eb5c6:   24 38 48 8d 54 24 30 c7 44 24 30 00 00 80 bf c7
0x00007ff9ed5eb5d6:   44 24 38 00 00 80 bf e8 be e1 00 00 f3 0f 10 54
0x00007ff9ed5eb5e6:   24 30 0f 57 c0 0f 2f d0 76 25 f3 0f 10 4c 24 38
0x00007ff9ed5eb5f6:   0f 2f c8 76 1a f3 0f 5e 15 09 a7 02 00 f3 0f 5e
0x00007ff9ed5eb606:   0d 01 a7 02 00 f3 0f 11 53 48 f3 0f 11 4b 4c 48
0x00007ff9ed5eb616:   83 c4 20 5b c3 cc cc cc cc cc 48 89 5c 24 10 48
0x00007ff9ed5eb626:   89 74 24 18 48 89 7c 24 20 41 56 48 83 ec 40 48
0x00007ff9ed5eb636:   8b d9 48 83 79 18 00 75 14 b9 28 04 00 00 e8 97
0x00007ff9ed5eb646:   97 00 00 48 89 43 18 c7 00 28 00 00 00 48 8b 43
0x00007ff9ed5eb656:   18 33 ff 66 89 78 0e 48 8b 4b 28 e8 5a 03 00 00
0x00007ff9ed5eb666:   48 8b f0 ba 01 00 00 00 44 8b c2 48 8b c8 ff 15
0x00007ff9ed5eb676:   b6 7f 06 00 4c 8b f0 89 7c 24 30 48 8b 4b 18 48
0x00007ff9ed5eb686:   89 4c 24 28 48 89 7c 24 20 44 8d 4f 01 45 33 c0
0x00007ff9ed5eb696:   48 8b d0 48 8b ce ff 15 6e 80 06 00 48 8b 53 30
0x00007ff9ed5eb6a6:   48 8b 0b 83 79 04 08 0f 8e 01 02 00 00 f6 42 24 


Stack slot to memory mapping:

stack at sp + 0 slots: 0x0000023bfb044570 points into unknown readable memory: 0x0000023bb5864470 | 70 44 86 b5 3b 02 00 00
stack at sp + 1 slots: 0x0000023ba03495b8 is at code_begin+4408 in an Interpreter codelet
return entry points  [0x0000023ba0348480, 0x0000023ba034a590]  8464 bytes
stack at sp + 2 slots: 0x0 is null
stack at sp + 3 slots: 0x0000023bfb044570 points into unknown readable memory: 0x0000023bb5864470 | 70 44 86 b5 3b 02 00 00
stack at sp + 4 slots: 0x0000023bfb044570 points into unknown readable memory: 0x0000023bb5864470 | 70 44 86 b5 3b 02 00 00
stack at sp + 5 slots: 0x00007ff9ed5ecdf2 awt.dll
stack at sp + 6 slots: 0x00007ff9ed64a848 awt.dll
stack at sp + 7 slots: {method} {0x0000023bf7244a10} 'initNativeScale' '(I)V' in 'sun/awt/Win32GraphicsDevice'


---------------  P R O C E S S  ---------------

Threads class SMR info:
_java_thread_list=0x0000023bfb071580, length=20, elements={
0x0000023bb56a8730, 0x0000023bb56a9280, 0x0000023bb56ac140, 0x0000023bb56aee00,
0x0000023bb56b1e20, 0x0000023bb56b3880, 0x0000023bb56b7b00, 0x0000023bb56b8590,
0x0000023bb583d370, 0x0000023bb5830b20, 0x0000023bb58311a0, 0x0000023bb5856000,
0x0000023bb585aec0, 0x0000023bfb0d1c80, 0x0000023bfb0d7190, 0x0000023bfb0ec710,
0x0000023bfb0ed180, 0x0000023b9080f3b0, 0x0000023bb590a620, 0x0000023bfb0447f0
}

Java Threads: ( => current thread )
  0x0000023bb56a8730 JavaThread "Reference Handler"          daemon [_thread_blocked, id=24948, stack(0x00000095cce00000,0x00000095ccf00000) (1024K)]
  0x0000023bb56a9280 JavaThread "Finalizer"                  daemon [_thread_blocked, id=20740, stack(0x00000095ccf00000,0x00000095cd000000) (1024K)]
  0x0000023bb56ac140 JavaThread "Signal Dispatcher"          daemon [_thread_blocked, id=25572, stack(0x00000095cd000000,0x00000095cd100000) (1024K)]
  0x0000023bb56aee00 JavaThread "Attach Listener"            daemon [_thread_blocked, id=9244, stack(0x00000095cd100000,0x00000095cd200000) (1024K)]
  0x0000023bb56b1e20 JavaThread "Service Thread"             daemon [_thread_blocked, id=13416, stack(0x00000095cd200000,0x00000095cd300000) (1024K)]
  0x0000023bb56b3880 JavaThread "Monitor Deflation Thread"   daemon [_thread_blocked, id=18808, stack(0x00000095cd300000,0x00000095cd400000) (1024K)]
  0x0000023bb56b7b00 JavaThread "C2 CompilerThread0"         daemon [_thread_blocked, id=23388, stack(0x00000095cd400000,0x00000095cd500000) (1024K)]
  0x0000023bb56b8590 JavaThread "C1 CompilerThread0"         daemon [_thread_blocked, id=4728, stack(0x00000095cd500000,0x00000095cd600000) (1024K)]
  0x0000023bb583d370 JavaThread "JDWP Transport Listener: dt_shmem" daemon [_thread_blocked, id=23936, stack(0x00000095cd700000,0x00000095cd800000) (1024K)]
  0x0000023bb5830b20 JavaThread "JDWP Event Helper Thread"   daemon [_thread_blocked, id=18392, stack(0x00000095cd800000,0x00000095cd900000) (1024K)]
  0x0000023bb58311a0 JavaThread "JDWP Command Reader"        daemon [_thread_in_native, id=11888, stack(0x00000095cd900000,0x00000095cda00000) (1024K)]
  0x0000023bb5856000 JavaThread "Notification Thread"        daemon [_thread_blocked, id=11908, stack(0x00000095cda00000,0x00000095cdb00000) (1024K)]
  0x0000023bb585aec0 JavaThread "Common-Cleaner"             daemon [_thread_blocked, id=14816, stack(0x00000095cdb00000,0x00000095cdc00000) (1024K)]
  0x0000023bfb0d1c80 JavaThread "Java2D Disposer"            daemon [_thread_blocked, id=1320, stack(0x00000095cdd00000,0x00000095cde00000) (1024K)]
  0x0000023bfb0d7190 JavaThread "AWT-Windows"                daemon [_thread_in_native, id=18776, stack(0x00000095cdf00000,0x00000095ce000000) (1024K)]
  0x0000023bfb0ec710 JavaThread "main"                              [_thread_blocked, id=5336, stack(0x00000095ce000000,0x00000095ce100000) (1024K)]
  0x0000023bfb0ed180 JavaThread "BlueJ worker thread"               [_thread_blocked, id=2532, stack(0x00000095ce100000,0x00000095ce200000) (1024K)]
  0x0000023b9080f3b0 JavaThread "DestroyJavaVM"                     [_thread_blocked, id=22064, stack(0x00000095cc600000,0x00000095cc700000) (1024K)]
  0x0000023bb590a620 JavaThread "AWT-Shutdown"                      [_thread_blocked, id=22424, stack(0x00000095cc300000,0x00000095cc400000) (1024K)]
=>0x0000023bfb0447f0 JavaThread "AWT-EventQueue-0"                  [_thread_in_native, id=18488, stack(0x00000095cc400000,0x00000095cc500000) (1024K)]
Total: 20

Other Threads:
  0x0000023bb5688af0 VMThread "VM Thread"                           [id=20500, stack(0x00000095ccd00000,0x00000095cce00000) (1024K)]
  0x0000023bb499dc40 WatcherThread "VM Periodic Task Thread"        [id=16632, stack(0x00000095ccc00000,0x00000095ccd00000) (1024K)]
  0x0000023b908b1180 WorkerThread "GC Thread#0"                     [id=2520, stack(0x00000095cc700000,0x00000095cc800000) (1024K)]
  0x0000023b908c2eb0 ConcurrentGCThread "G1 Main Marker"            [id=4968, stack(0x00000095cc800000,0x00000095cc900000) (1024K)]
  0x0000023b908c4150 WorkerThread "G1 Conc#0"                       [id=20180, stack(0x00000095cc900000,0x00000095cca00000) (1024K)]
  0x0000023bb485b850 ConcurrentGCThread "G1 Refine#0"               [id=4324, stack(0x00000095cca00000,0x00000095ccb00000) (1024K)]
  0x0000023bb485d270 ConcurrentGCThread "G1 Service"                [id=12112, stack(0x00000095ccb00000,0x00000095ccc00000) (1024K)]
Total: 7

Threads with active compile tasks:
Total: 0

VM state: not at safepoint (normal execution)

VM Mutex/Monitor currently owned by a thread: None

Heap address: 0x0000000603400000, size: 8140 MB, Compressed Oops mode: Zero based, Oop shift amount: 3

CDS archive(s) mapped at: [0x0000023bb6000000-0x0000023bb6c80000-0x0000023bb6c80000), size 13107200, SharedBaseAddress: 0x0000023bb6000000, ArchiveRelocationMode: 1.
Compressed class space mapped at: 0x0000023bb7000000-0x0000023bf7000000, reserved size: 1073741824
Narrow klass base: 0x0000023bb6000000, Narrow klass shift: 0, Narrow klass range: 0x100000000

GC Precious Log:
 CardTable entry size: 512
 Card Set container configuration: InlinePtr #cards 4 size 8 Array Of Cards #cards 32 size 80 Howl #buckets 8 coarsen threshold 7372 Howl Bitmap #cards 1024 size 144 coarsen threshold 921 Card regions per heap region 1 cards per card region 8192
 CPUs: 16 total, 16 available
 Memory: 32557M
 Large Page Support: Disabled
 NUMA Support: Disabled
 Compressed Oops: Enabled (Zero based)
 Heap Region Size: 4M
 Heap Min Capacity: 8M
 Heap Initial Capacity: 512M
 Heap Max Capacity: 8140M
 Pre-touch: Disabled
 Parallel Workers: 13
 Concurrent Workers: 3
 Concurrent Refinement Workers: 13
 Periodic GC: Disabled

Heap:
 garbage-first heap   total 524288K, used 8192K [0x0000000603400000, 0x0000000800000000)
  region size 4096K, 3 young (12288K), 0 survivors (0K)
 Metaspace       used 2779K, committed 2944K, reserved 1114112K
  class space    used 254K, committed 320K, reserved 1048576K

Heap Regions: E=young(eden), S=young(survivor), O=old, HS=humongous(starts), HC=humongous(continues), CS=collection set, F=free, TAMS=top-at-mark-start, PB=parsable bottom
|   0|0x0000000603400000, 0x0000000603400000, 0x0000000603800000|  0%| F|  |TAMS 0x0000000603400000| PB 0x0000000603400000| Untracked 
|   1|0x0000000603800000, 0x0000000603800000, 0x0000000603c00000|  0%| F|  |TAMS 0x0000000603800000| PB 0x0000000603800000| Untracked 
|   2|0x0000000603c00000, 0x0000000603c00000, 0x0000000604000000|  0%| F|  |TAMS 0x0000000603c00000| PB 0x0000000603c00000| Untracked 
|   3|0x0000000604000000, 0x0000000604000000, 0x0000000604400000|  0%| F|  |TAMS 0x0000000604000000| PB 0x0000000604000000| Untracked 
|   4|0x0000000604400000, 0x0000000604400000, 0x0000000604800000|  0%| F|  |TAMS 0x0000000604400000| PB 0x0000000604400000| Untracked 
|   5|0x0000000604800000, 0x0000000604800000, 0x0000000604c00000|  0%| F|  |TAMS 0x0000000604800000| PB 0x0000000604800000| Untracked 
|   6|0x0000000604c00000, 0x0000000604c00000, 0x0000000605000000|  0%| F|  |TAMS 0x0000000604c00000| PB 0x0000000604c00000| Untracked 
|   7|0x0000000605000000, 0x0000000605000000, 0x0000000605400000|  0%| F|  |TAMS 0x0000000605000000| PB 0x0000000605000000| Untracked 
|   8|0x0000000605400000, 0x0000000605400000, 0x0000000605800000|  0%| F|  |TAMS 0x0000000605400000| PB 0x0000000605400000| Untracked 
|   9|0x0000000605800000, 0x0000000605800000, 0x0000000605c00000|  0%| F|  |TAMS 0x0000000605800000| PB 0x0000000605800000| Untracked 
|  10|0x0000000605c00000, 0x0000000605c00000, 0x0000000606000000|  0%| F|  |TAMS 0x0000000605c00000| PB 0x0000000605c00000| Untracked 
|  11|0x0000000606000000, 0x0000000606000000, 0x0000000606400000|  0%| F|  |TAMS 0x0000000606000000| PB 0x0000000606000000| Untracked 
|  12|0x0000000606400000, 0x0000000606400000, 0x0000000606800000|  0%| F|  |TAMS 0x0000000606400000| PB 0x0000000606400000| Untracked 
|  13|0x0000000606800000, 0x0000000606800000, 0x0000000606c00000|  0%| F|  |TAMS 0x0000000606800000| PB 0x0000000606800000| Untracked 
|  14|0x0000000606c00000, 0x0000000606c00000, 0x0000000607000000|  0%| F|  |TAMS 0x0000000606c00000| PB 0x0000000606c00000| Untracked 
|  15|0x0000000607000000, 0x0000000607000000, 0x0000000607400000|  0%| F|  |TAMS 0x0000000607000000| PB 0x0000000607000000| Untracked 
|  16|0x0000000607400000, 0x0000000607400000, 0x0000000607800000|  0%| F|  |TAMS 0x0000000607400000| PB 0x0000000607400000| Untracked 
|  17|0x0000000607800000, 0x0000000607800000, 0x0000000607c00000|  0%| F|  |TAMS 0x0000000607800000| PB 0x0000000607800000| Untracked 
|  18|0x0000000607c00000, 0x0000000607c00000, 0x0000000608000000|  0%| F|  |TAMS 0x0000000607c00000| PB 0x0000000607c00000| Untracked 
|  19|0x0000000608000000, 0x0000000608000000, 0x0000000608400000|  0%| F|  |TAMS 0x0000000608000000| PB 0x0000000608000000| Untracked 
|  20|0x0000000608400000, 0x0000000608400000, 0x0000000608800000|  0%| F|  |TAMS 0x0000000608400000| PB 0x0000000608400000| Untracked 
|  21|0x0000000608800000, 0x0000000608800000, 0x0000000608c00000|  0%| F|  |TAMS 0x0000000608800000| PB 0x0000000608800000| Untracked 
|  22|0x0000000608c00000, 0x0000000608c00000, 0x0000000609000000|  0%| F|  |TAMS 0x0000000608c00000| PB 0x0000000608c00000| Untracked 
|  23|0x0000000609000000, 0x0000000609000000, 0x0000000609400000|  0%| F|  |TAMS 0x0000000609000000| PB 0x0000000609000000| Untracked 
|  24|0x0000000609400000, 0x0000000609400000, 0x0000000609800000|  0%| F|  |TAMS 0x0000000609400000| PB 0x0000000609400000| Untracked 
|  25|0x0000000609800000, 0x0000000609800000, 0x0000000609c00000|  0%| F|  |TAMS 0x0000000609800000| PB 0x0000000609800000| Untracked 
|  26|0x0000000609c00000, 0x0000000609c00000, 0x000000060a000000|  0%| F|  |TAMS 0x0000000609c00000| PB 0x0000000609c00000| Untracked 
|  27|0x000000060a000000, 0x000000060a000000, 0x000000060a400000|  0%| F|  |TAMS 0x000000060a000000| PB 0x000000060a000000| Untracked 
|  28|0x000000060a400000, 0x000000060a400000, 0x000000060a800000|  0%| F|  |TAMS 0x000000060a400000| PB 0x000000060a400000| Untracked 
|  29|0x000000060a800000, 0x000000060a800000, 0x000000060ac00000|  0%| F|  |TAMS 0x000000060a800000| PB 0x000000060a800000| Untracked 
|  30|0x000000060ac00000, 0x000000060ac00000, 0x000000060b000000|  0%| F|  |TAMS 0x000000060ac00000| PB 0x000000060ac00000| Untracked 
|  31|0x000000060b000000, 0x000000060b000000, 0x000000060b400000|  0%| F|  |TAMS 0x000000060b000000| PB 0x000000060b000000| Untracked 
|  32|0x000000060b400000, 0x000000060b400000, 0x000000060b800000|  0%| F|  |TAMS 0x000000060b400000| PB 0x000000060b400000| Untracked 
|  33|0x000000060b800000, 0x000000060b800000, 0x000000060bc00000|  0%| F|  |TAMS 0x000000060b800000| PB 0x000000060b800000| Untracked 
|  34|0x000000060bc00000, 0x000000060bc00000, 0x000000060c000000|  0%| F|  |TAMS 0x000000060bc00000| PB 0x000000060bc00000| Untracked 
|  35|0x000000060c000000, 0x000000060c000000, 0x000000060c400000|  0%| F|  |TAMS 0x000000060c000000| PB 0x000000060c000000| Untracked 
|  36|0x000000060c400000, 0x000000060c400000, 0x000000060c800000|  0%| F|  |TAMS 0x000000060c400000| PB 0x000000060c400000| Untracked 
|  37|0x000000060c800000, 0x000000060c800000, 0x000000060cc00000|  0%| F|  |TAMS 0x000000060c800000| PB 0x000000060c800000| Untracked 
|  38|0x000000060cc00000, 0x000000060cc00000, 0x000000060d000000|  0%| F|  |TAMS 0x000000060cc00000| PB 0x000000060cc00000| Untracked 
|  39|0x000000060d000000, 0x000000060d000000, 0x000000060d400000|  0%| F|  |TAMS 0x000000060d000000| PB 0x000000060d000000| Untracked 
|  40|0x000000060d400000, 0x000000060d400000, 0x000000060d800000|  0%| F|  |TAMS 0x000000060d400000| PB 0x000000060d400000| Untracked 
|  41|0x000000060d800000, 0x000000060d800000, 0x000000060dc00000|  0%| F|  |TAMS 0x000000060d800000| PB 0x000000060d800000| Untracked 
|  42|0x000000060dc00000, 0x000000060dc00000, 0x000000060e000000|  0%| F|  |TAMS 0x000000060dc00000| PB 0x000000060dc00000| Untracked 
|  43|0x000000060e000000, 0x000000060e000000, 0x000000060e400000|  0%| F|  |TAMS 0x000000060e000000| PB 0x000000060e000000| Untracked 
|  44|0x000000060e400000, 0x000000060e400000, 0x000000060e800000|  0%| F|  |TAMS 0x000000060e400000| PB 0x000000060e400000| Untracked 
|  45|0x000000060e800000, 0x000000060e800000, 0x000000060ec00000|  0%| F|  |TAMS 0x000000060e800000| PB 0x000000060e800000| Untracked 
|  46|0x000000060ec00000, 0x000000060ec00000, 0x000000060f000000|  0%| F|  |TAMS 0x000000060ec00000| PB 0x000000060ec00000| Untracked 
|  47|0x000000060f000000, 0x000000060f000000, 0x000000060f400000|  0%| F|  |TAMS 0x000000060f000000| PB 0x000000060f000000| Untracked 
|  48|0x000000060f400000, 0x000000060f400000, 0x000000060f800000|  0%| F|  |TAMS 0x000000060f400000| PB 0x000000060f400000| Untracked 
|  49|0x000000060f800000, 0x000000060f800000, 0x000000060fc00000|  0%| F|  |TAMS 0x000000060f800000| PB 0x000000060f800000| Untracked 
|  50|0x000000060fc00000, 0x000000060fc00000, 0x0000000610000000|  0%| F|  |TAMS 0x000000060fc00000| PB 0x000000060fc00000| Untracked 
|  51|0x0000000610000000, 0x0000000610000000, 0x0000000610400000|  0%| F|  |TAMS 0x0000000610000000| PB 0x0000000610000000| Untracked 
|  52|0x0000000610400000, 0x0000000610400000, 0x0000000610800000|  0%| F|  |TAMS 0x0000000610400000| PB 0x0000000610400000| Untracked 
|  53|0x0000000610800000, 0x0000000610800000, 0x0000000610c00000|  0%| F|  |TAMS 0x0000000610800000| PB 0x0000000610800000| Untracked 
|  54|0x0000000610c00000, 0x0000000610c00000, 0x0000000611000000|  0%| F|  |TAMS 0x0000000610c00000| PB 0x0000000610c00000| Untracked 
|  55|0x0000000611000000, 0x0000000611000000, 0x0000000611400000|  0%| F|  |TAMS 0x0000000611000000| PB 0x0000000611000000| Untracked 
|  56|0x0000000611400000, 0x0000000611400000, 0x0000000611800000|  0%| F|  |TAMS 0x0000000611400000| PB 0x0000000611400000| Untracked 
|  57|0x0000000611800000, 0x0000000611800000, 0x0000000611c00000|  0%| F|  |TAMS 0x0000000611800000| PB 0x0000000611800000| Untracked 
|  58|0x0000000611c00000, 0x0000000611c00000, 0x0000000612000000|  0%| F|  |TAMS 0x0000000611c00000| PB 0x0000000611c00000| Untracked 
|  59|0x0000000612000000, 0x0000000612000000, 0x0000000612400000|  0%| F|  |TAMS 0x0000000612000000| PB 0x0000000612000000| Untracked 
|  60|0x0000000612400000, 0x0000000612400000, 0x0000000612800000|  0%| F|  |TAMS 0x0000000612400000| PB 0x0000000612400000| Untracked 
|  61|0x0000000612800000, 0x0000000612800000, 0x0000000612c00000|  0%| F|  |TAMS 0x0000000612800000| PB 0x0000000612800000| Untracked 
|  62|0x0000000612c00000, 0x0000000612c00000, 0x0000000613000000|  0%| F|  |TAMS 0x0000000612c00000| PB 0x0000000612c00000| Untracked 
|  63|0x0000000613000000, 0x0000000613000000, 0x0000000613400000|  0%| F|  |TAMS 0x0000000613000000| PB 0x0000000613000000| Untracked 
|  64|0x0000000613400000, 0x0000000613400000, 0x0000000613800000|  0%| F|  |TAMS 0x0000000613400000| PB 0x0000000613400000| Untracked 
|  65|0x0000000613800000, 0x0000000613800000, 0x0000000613c00000|  0%| F|  |TAMS 0x0000000613800000| PB 0x0000000613800000| Untracked 
|  66|0x0000000613c00000, 0x0000000613c00000, 0x0000000614000000|  0%| F|  |TAMS 0x0000000613c00000| PB 0x0000000613c00000| Untracked 
|  67|0x0000000614000000, 0x0000000614000000, 0x0000000614400000|  0%| F|  |TAMS 0x0000000614000000| PB 0x0000000614000000| Untracked 
|  68|0x0000000614400000, 0x0000000614400000, 0x0000000614800000|  0%| F|  |TAMS 0x0000000614400000| PB 0x0000000614400000| Untracked 
|  69|0x0000000614800000, 0x0000000614800000, 0x0000000614c00000|  0%| F|  |TAMS 0x0000000614800000| PB 0x0000000614800000| Untracked 
|  70|0x0000000614c00000, 0x0000000614c00000, 0x0000000615000000|  0%| F|  |TAMS 0x0000000614c00000| PB 0x0000000614c00000| Untracked 
|  71|0x0000000615000000, 0x0000000615000000, 0x0000000615400000|  0%| F|  |TAMS 0x0000000615000000| PB 0x0000000615000000| Untracked 
|  72|0x0000000615400000, 0x0000000615400000, 0x0000000615800000|  0%| F|  |TAMS 0x0000000615400000| PB 0x0000000615400000| Untracked 
|  73|0x0000000615800000, 0x0000000615800000, 0x0000000615c00000|  0%| F|  |TAMS 0x0000000615800000| PB 0x0000000615800000| Untracked 
|  74|0x0000000615c00000, 0x0000000615c00000, 0x0000000616000000|  0%| F|  |TAMS 0x0000000615c00000| PB 0x0000000615c00000| Untracked 
|  75|0x0000000616000000, 0x0000000616000000, 0x0000000616400000|  0%| F|  |TAMS 0x0000000616000000| PB 0x0000000616000000| Untracked 
|  76|0x0000000616400000, 0x0000000616400000, 0x0000000616800000|  0%| F|  |TAMS 0x0000000616400000| PB 0x0000000616400000| Untracked 
|  77|0x0000000616800000, 0x0000000616800000, 0x0000000616c00000|  0%| F|  |TAMS 0x0000000616800000| PB 0x0000000616800000| Untracked 
|  78|0x0000000616c00000, 0x0000000616c00000, 0x0000000617000000|  0%| F|  |TAMS 0x0000000616c00000| PB 0x0000000616c00000| Untracked 
|  79|0x0000000617000000, 0x0000000617000000, 0x0000000617400000|  0%| F|  |TAMS 0x0000000617000000| PB 0x0000000617000000| Untracked 
|  80|0x0000000617400000, 0x0000000617400000, 0x0000000617800000|  0%| F|  |TAMS 0x0000000617400000| PB 0x0000000617400000| Untracked 
|  81|0x0000000617800000, 0x0000000617800000, 0x0000000617c00000|  0%| F|  |TAMS 0x0000000617800000| PB 0x0000000617800000| Untracked 
|  82|0x0000000617c00000, 0x0000000617c00000, 0x0000000618000000|  0%| F|  |TAMS 0x0000000617c00000| PB 0x0000000617c00000| Untracked 
|  83|0x0000000618000000, 0x0000000618000000, 0x0000000618400000|  0%| F|  |TAMS 0x0000000618000000| PB 0x0000000618000000| Untracked 
|  84|0x0000000618400000, 0x0000000618400000, 0x0000000618800000|  0%| F|  |TAMS 0x0000000618400000| PB 0x0000000618400000| Untracked 
|  85|0x0000000618800000, 0x0000000618800000, 0x0000000618c00000|  0%| F|  |TAMS 0x0000000618800000| PB 0x0000000618800000| Untracked 
|  86|0x0000000618c00000, 0x0000000618c00000, 0x0000000619000000|  0%| F|  |TAMS 0x0000000618c00000| PB 0x0000000618c00000| Untracked 
|  87|0x0000000619000000, 0x0000000619000000, 0x0000000619400000|  0%| F|  |TAMS 0x0000000619000000| PB 0x0000000619000000| Untracked 
|  88|0x0000000619400000, 0x0000000619400000, 0x0000000619800000|  0%| F|  |TAMS 0x0000000619400000| PB 0x0000000619400000| Untracked 
|  89|0x0000000619800000, 0x0000000619800000, 0x0000000619c00000|  0%| F|  |TAMS 0x0000000619800000| PB 0x0000000619800000| Untracked 
|  90|0x0000000619c00000, 0x0000000619c00000, 0x000000061a000000|  0%| F|  |TAMS 0x0000000619c00000| PB 0x0000000619c00000| Untracked 
|  91|0x000000061a000000, 0x000000061a000000, 0x000000061a400000|  0%| F|  |TAMS 0x000000061a000000| PB 0x000000061a000000| Untracked 
|  92|0x000000061a400000, 0x000000061a400000, 0x000000061a800000|  0%| F|  |TAMS 0x000000061a400000| PB 0x000000061a400000| Untracked 
|  93|0x000000061a800000, 0x000000061a800000, 0x000000061ac00000|  0%| F|  |TAMS 0x000000061a800000| PB 0x000000061a800000| Untracked 
|  94|0x000000061ac00000, 0x000000061ac00000, 0x000000061b000000|  0%| F|  |TAMS 0x000000061ac00000| PB 0x000000061ac00000| Untracked 
|  95|0x000000061b000000, 0x000000061b000000, 0x000000061b400000|  0%| F|  |TAMS 0x000000061b000000| PB 0x000000061b000000| Untracked 
|  96|0x000000061b400000, 0x000000061b400000, 0x000000061b800000|  0%| F|  |TAMS 0x000000061b400000| PB 0x000000061b400000| Untracked 
|  97|0x000000061b800000, 0x000000061b800000, 0x000000061bc00000|  0%| F|  |TAMS 0x000000061b800000| PB 0x000000061b800000| Untracked 
|  98|0x000000061bc00000, 0x000000061bc00000, 0x000000061c000000|  0%| F|  |TAMS 0x000000061bc00000| PB 0x000000061bc00000| Untracked 
|  99|0x000000061c000000, 0x000000061c000000, 0x000000061c400000|  0%| F|  |TAMS 0x000000061c000000| PB 0x000000061c000000| Untracked 
| 100|0x000000061c400000, 0x000000061c400000, 0x000000061c800000|  0%| F|  |TAMS 0x000000061c400000| PB 0x000000061c400000| Untracked 
| 101|0x000000061c800000, 0x000000061c800000, 0x000000061cc00000|  0%| F|  |TAMS 0x000000061c800000| PB 0x000000061c800000| Untracked 
| 102|0x000000061cc00000, 0x000000061cc00000, 0x000000061d000000|  0%| F|  |TAMS 0x000000061cc00000| PB 0x000000061cc00000| Untracked 
| 103|0x000000061d000000, 0x000000061d000000, 0x000000061d400000|  0%| F|  |TAMS 0x000000061d000000| PB 0x000000061d000000| Untracked 
| 104|0x000000061d400000, 0x000000061d400000, 0x000000061d800000|  0%| F|  |TAMS 0x000000061d400000| PB 0x000000061d400000| Untracked 
| 105|0x000000061d800000, 0x000000061d800000, 0x000000061dc00000|  0%| F|  |TAMS 0x000000061d800000| PB 0x000000061d800000| Untracked 
| 106|0x000000061dc00000, 0x000000061dc00000, 0x000000061e000000|  0%| F|  |TAMS 0x000000061dc00000| PB 0x000000061dc00000| Untracked 
| 107|0x000000061e000000, 0x000000061e000000, 0x000000061e400000|  0%| F|  |TAMS 0x000000061e000000| PB 0x000000061e000000| Untracked 
| 108|0x000000061e400000, 0x000000061e400000, 0x000000061e800000|  0%| F|  |TAMS 0x000000061e400000| PB 0x000000061e400000| Untracked 
| 109|0x000000061e800000, 0x000000061e800000, 0x000000061ec00000|  0%| F|  |TAMS 0x000000061e800000| PB 0x000000061e800000| Untracked 
| 110|0x000000061ec00000, 0x000000061ec00000, 0x000000061f000000|  0%| F|  |TAMS 0x000000061ec00000| PB 0x000000061ec00000| Untracked 
| 111|0x000000061f000000, 0x000000061f000000, 0x000000061f400000|  0%| F|  |TAMS 0x000000061f000000| PB 0x000000061f000000| Untracked 
| 112|0x000000061f400000, 0x000000061f400000, 0x000000061f800000|  0%| F|  |TAMS 0x000000061f400000| PB 0x000000061f400000| Untracked 
| 113|0x000000061f800000, 0x000000061f800000, 0x000000061fc00000|  0%| F|  |TAMS 0x000000061f800000| PB 0x000000061f800000| Untracked 
| 114|0x000000061fc00000, 0x000000061fc00000, 0x0000000620000000|  0%| F|  |TAMS 0x000000061fc00000| PB 0x000000061fc00000| Untracked 
| 115|0x0000000620000000, 0x0000000620000000, 0x0000000620400000|  0%| F|  |TAMS 0x0000000620000000| PB 0x0000000620000000| Untracked 
| 116|0x0000000620400000, 0x0000000620400000, 0x0000000620800000|  0%| F|  |TAMS 0x0000000620400000| PB 0x0000000620400000| Untracked 
| 117|0x0000000620800000, 0x0000000620800000, 0x0000000620c00000|  0%| F|  |TAMS 0x0000000620800000| PB 0x0000000620800000| Untracked 
| 118|0x0000000620c00000, 0x0000000620c00000, 0x0000000621000000|  0%| F|  |TAMS 0x0000000620c00000| PB 0x0000000620c00000| Untracked 
| 119|0x0000000621000000, 0x0000000621000000, 0x0000000621400000|  0%| F|  |TAMS 0x0000000621000000| PB 0x0000000621000000| Untracked 
| 120|0x0000000621400000, 0x0000000621400000, 0x0000000621800000|  0%| F|  |TAMS 0x0000000621400000| PB 0x0000000621400000| Untracked 
| 121|0x0000000621800000, 0x0000000621800000, 0x0000000621c00000|  0%| F|  |TAMS 0x0000000621800000| PB 0x0000000621800000| Untracked 
| 122|0x0000000621c00000, 0x0000000621c00000, 0x0000000622000000|  0%| F|  |TAMS 0x0000000621c00000| PB 0x0000000621c00000| Untracked 
| 123|0x0000000622000000, 0x0000000622000000, 0x0000000622400000|  0%| F|  |TAMS 0x0000000622000000| PB 0x0000000622000000| Untracked 
| 124|0x0000000622400000, 0x0000000622400000, 0x0000000622800000|  0%| F|  |TAMS 0x0000000622400000| PB 0x0000000622400000| Untracked 
| 125|0x0000000622800000, 0x0000000622b5c340, 0x0000000622c00000| 84%| E|  |TAMS 0x0000000622800000| PB 0x0000000622800000| Complete 
| 126|0x0000000622c00000, 0x0000000623000000, 0x0000000623000000|100%| E|CS|TAMS 0x0000000622c00000| PB 0x0000000622c00000| Complete 
| 127|0x0000000623000000, 0x0000000623400000, 0x0000000623400000|100%| E|CS|TAMS 0x0000000623000000| PB 0x0000000623000000| Complete 

Card table byte_map: [0x0000023ba9770000,0x0000023baa760000] _byte_map_base: 0x0000023ba6756000

Marking Bits: (CMBitMap*) 0x0000023b908b1880
 Bits: [0x0000023baa760000, 0x0000023bb2690000)

Polling page: 0x0000023b8e650000

Metaspace:

Usage:
  Non-class:      2.47 MB used.
      Class:    254.20 KB used.
       Both:      2.71 MB used.

Virtual space:
  Non-class space:       64.00 MB reserved,       2.56 MB (  4%) committed,  1 nodes.
      Class space:        1.00 GB reserved,     320.00 KB ( <1%) committed,  1 nodes.
             Both:        1.06 GB reserved,       2.88 MB ( <1%) committed. 

Chunk freelists:
   Non-Class:  11.88 MB
       Class:  15.70 MB
        Both:  27.58 MB

MaxMetaspaceSize: unlimited
CompressedClassSpaceSize: 1.00 GB
Initial GC threshold: 21.00 MB
Current GC threshold: 21.00 MB
CDS: on
 - commit_granule_bytes: 65536.
 - commit_granule_words: 8192.
 - virtual_space_node_default_size: 8388608.
 - enlarge_chunks_in_place: 1.
 - use_allocation_guard: 0.


Internal statistics:

num_allocs_failed_limit: 0.
num_arena_births: 90.
num_arena_deaths: 0.
num_vsnodes_births: 2.
num_vsnodes_deaths: 0.
num_space_committed: 46.
num_space_uncommitted: 0.
num_chunks_returned_to_freelist: 0.
num_chunks_taken_from_freelist: 107.
num_chunk_merges: 0.
num_chunk_splits: 69.
num_chunks_enlarged: 32.
num_inconsistent_stats: 0.

CodeHeap 'non-profiled nmethods': size=119168Kb used=150Kb max_used=150Kb free=119017Kb
 bounds [0x0000023ba0a90000, 0x0000023ba0d00000, 0x0000023ba7ef0000]
CodeHeap 'profiled nmethods': size=119104Kb used=619Kb max_used=619Kb free=118484Kb
 bounds [0x0000023b98ef0000, 0x0000023b99160000, 0x0000023ba0340000]
CodeHeap 'non-nmethods': size=7488Kb used=1450Kb max_used=2021Kb free=6037Kb
 bounds [0x0000023ba0340000, 0x0000023ba05b0000, 0x0000023ba0a90000]
 total_blobs=923 nmethods=439 adapters=389
 compilation: enabled
              stopped_count=0, restarted_count=0
 full_count=0

Compilation events (20 events):
Event: 0.715 Thread 0x0000023bb580ee20 nmethod 427 0x0000023b98f85810 code [0x0000023b98f85a60, 0x0000023b98f863a0]
Event: 0.715 Thread 0x0000023bb580ee20  428       3       java.util.ArrayList::add (25 bytes)
Event: 0.715 Thread 0x0000023bb56b8590 nmethod 425 0x0000023b98f86610 code [0x0000023b98f86840, 0x0000023b98f86ff0]
Event: 0.715 Thread 0x0000023bb56b8590  429       3       java.util.ArrayList::add (23 bytes)
Event: 0.716 Thread 0x0000023bb56b8590 nmethod 429 0x0000023b98f87290 code [0x0000023b98f87460, 0x0000023b98f87810]
Event: 0.716 Thread 0x0000023bb580ee20 nmethod 428 0x0000023b98f87990 code [0x0000023b98f87b60, 0x0000023b98f87f98]
Event: 1291.844 Thread 0x0000023bb56b7b00  432       4       java.lang.String::hashCode (60 bytes)
Event: 1291.846 Thread 0x0000023bb56b7b00 nmethod 432 0x0000023ba0ab4c90 code [0x0000023ba0ab4e20, 0x0000023ba0ab4f38]
Event: 1294.326 Thread 0x0000023bb56b8590  434       1       java.util.concurrent.locks.AbstractOwnableSynchronizer::setExclusiveOwnerThread (6 bytes)
Event: 1294.326 Thread 0x0000023bb56b8590 nmethod 434 0x0000023ba0ab5410 code [0x0000023ba0ab55a0, 0x0000023ba0ab56b8]
Event: 1294.388 Thread 0x0000023bb56b8590  435       3       java.lang.invoke.MethodHandle::<init> (37 bytes)
Event: 1294.388 Thread 0x0000023bb56b8590 nmethod 435 0x0000023b98f88190 code [0x0000023b98f883c0, 0x0000023b98f88960]
Event: 1294.388 Thread 0x0000023bb56b8590  437       3       java.util.concurrent.ConcurrentHashMap$Traverser::advance (188 bytes)
Event: 1294.389 Thread 0x0000023bb56b8590 nmethod 437 0x0000023b98f88c10 code [0x0000023b98f88e60, 0x0000023b98f899f8]
Event: 1294.389 Thread 0x0000023bb56b8590  436       3       java.lang.invoke.LambdaForm::prepare (108 bytes)
Event: 1294.389 Thread 0x0000023bb56b8590 nmethod 436 0x0000023b98f89c90 code [0x0000023b98f89ee0, 0x0000023b98f8a6f8]
Event: 1294.465 Thread 0x0000023bb56b8590  438       3       java.util.HashMap::isEmpty (13 bytes)
Event: 1294.465 Thread 0x0000023bb56b8590 nmethod 438 0x0000023b98f8aa10 code [0x0000023b98f8aba0, 0x0000023b98f8ad00]
Event: 1295.474 Thread 0x0000023bb56b8590  439       1       java.util.concurrent.locks.AbstractQueuedSynchronizer::getState (5 bytes)
Event: 1295.474 Thread 0x0000023bb56b8590 nmethod 439 0x0000023ba0ab5710 code [0x0000023ba0ab58a0, 0x0000023ba0ab5968]

GC Heap History (0 events):
No events

Dll operation events (7 events):
Event: 0.007 Loaded shared library C:\Program Files\BlueJ\jdk\bin\java.dll
Event: 0.031 Loaded shared library C:\Program Files\BlueJ\jdk\bin\jsvml.dll
Event: 0.489 Loaded shared library C:\Program Files\BlueJ\jdk\bin\net.dll
Event: 0.491 Loaded shared library C:\Program Files\BlueJ\jdk\bin\nio.dll
Event: 0.508 Loaded shared library C:\Program Files\BlueJ\jdk\bin\zip.dll
Event: 0.605 Loaded shared library C:\Program Files\BlueJ\jdk\bin\jimage.dll
Event: 0.609 Loaded shared library C:\Program Files\BlueJ\jdk\bin\awt.dll

Deoptimization events (8 events):
Event: 0.598 Thread 0x0000023b9080f3b0 Uncommon trap: trap_request=0xffffff45 fr.pc=0x0000023ba0a9e978 relative=0x00000000000002b8
Event: 0.598 Thread 0x0000023b9080f3b0 Uncommon trap: reason=unstable_if action=reinterpret pc=0x0000023ba0a9e978 method=java.lang.StringLatin1.hashCode([B)I @ 2 c2
Event: 0.598 Thread 0x0000023b9080f3b0 DEOPT PACKING pc=0x0000023ba0a9e978 sp=0x00000095cc6fa0a0
Event: 0.598 Thread 0x0000023b9080f3b0 DEOPT UNPACKING pc=0x0000023ba03946a2 sp=0x00000095cc6f9fd8 mode 2
Event: 0.634 Thread 0x0000023b9080f3b0 Uncommon trap: trap_request=0xffffff45 fr.pc=0x0000023ba0a9a86c relative=0x00000000000008cc
Event: 0.634 Thread 0x0000023b9080f3b0 Uncommon trap: reason=unstable_if action=reinterpret pc=0x0000023ba0a9a86c method=java.util.zip.ZipFile$Source.checkAndAddEntry(II)I @ 50 c2
Event: 0.634 Thread 0x0000023b9080f3b0 DEOPT PACKING pc=0x0000023ba0a9a86c sp=0x00000095cc6fcea0
Event: 0.634 Thread 0x0000023b9080f3b0 DEOPT UNPACKING pc=0x0000023ba03946a2 sp=0x00000095cc6fce30 mode 2

Classes loaded (20 events):
Event: 1294.387 Loading class sun/java2d/d3d/D3DContext$D3DContextCaps
Event: 1294.387 Loading class sun/java2d/pipe/hw/ContextCapabilities
Event: 1294.387 Loading class sun/java2d/pipe/hw/ContextCapabilities done
Event: 1294.387 Loading class sun/java2d/d3d/D3DContext$D3DContextCaps done
Event: 1294.389 Loading class sun/awt/Win32GraphicsConfig
Event: 1294.389 Loading class sun/awt/image/SurfaceManager$ProxiedGraphicsConfig
Event: 1294.389 Loading class sun/awt/image/SurfaceManager$ProxiedGraphicsConfig done
Event: 1294.389 Loading class java/awt/GraphicsConfiguration
Event: 1294.389 Loading class java/awt/GraphicsConfiguration done
Event: 1294.389 Loading class sun/awt/Win32GraphicsConfig done
Event: 1294.389 Loading class java/awt/Rectangle
Event: 1294.389 Loading class java/awt/Shape
Event: 1294.389 Loading class java/awt/Shape done
Event: 1294.389 Loading class java/awt/geom/Rectangle2D
Event: 1294.389 Loading class java/awt/geom/RectangularShape
Event: 1294.389 Loading class java/awt/geom/RectangularShape done
Event: 1294.389 Loading class java/awt/geom/Rectangle2D done
Event: 1294.389 Loading class java/awt/Rectangle done
Event: 1298.147 Loading class java/util/ArrayList$ListItr
Event: 1298.147 Loading class java/util/ArrayList$ListItr done

Classes unloaded (0 events):
No events

Classes redefined (0 events):
No events

Internal exceptions (3 events):
Event: 0.595 Thread 0x0000023b9080f3b0 Exception <a 'java/lang/ClassNotFoundException'{0x0000000622ccfc50}: sun/awt/resources/spi/awtProvider> (0x0000000622ccfc50) 
thrown [s\src\hotspot\share\classfile\systemDictionary.cpp, line 312]
Event: 0.620 Thread 0x0000023b9080f3b0 Exception <a 'java/io/FileNotFoundException'{0x0000000622d332c0}> (0x0000000622d332c0) 
thrown [s\src\hotspot\share\prims\jni.cpp, line 520]
Event: 0.627 Thread 0x0000023b9080f3b0 Exception <a 'java/io/FileNotFoundException'{0x0000000622d5dc28}> (0x0000000622d5dc28) 
thrown [s\src\hotspot\share\prims\jni.cpp, line 520]

ZGC Phase Switch (0 events):
No events

VM Operations (18 events):
Event: 0.512 Executing VM operation: HandshakeAllThreads (Deoptimize)
Event: 0.512 Executing VM operation: HandshakeAllThreads (Deoptimize) done
Event: 0.583 Executing VM operation: ChangeBreakpoints
Event: 0.583 Executing VM operation: ChangeBreakpoints done
Event: 0.584 Executing VM operation: ChangeBreakpoints
Event: 0.584 Executing VM operation: ChangeBreakpoints done
Event: 0.584 Executing VM operation: ChangeBreakpoints
Event: 0.584 Executing VM operation: ChangeBreakpoints done
Event: 1.591 Executing VM operation: Cleanup
Event: 1.591 Executing VM operation: Cleanup done
Event: 1.686 Executing VM operation: HandshakeAllThreads (Deoptimize)
Event: 1.686 Executing VM operation: HandshakeAllThreads (Deoptimize) done
Event: 60.123 Executing VM operation: HandshakeAllThreads (HandshakeForDeflation)
Event: 60.123 Executing VM operation: HandshakeAllThreads (HandshakeForDeflation) done
Event: 60.123 Executing VM operation: RendezvousGCThreads
Event: 60.123 Executing VM operation: RendezvousGCThreads done
Event: 1292.338 Executing VM operation: Cleanup
Event: 1292.338 Executing VM operation: Cleanup done

Memory protections (0 events):
No events

Nmethod flushes (0 events):
No events

Events (20 events):
Event: 0.679 Thread 0x0000023b9080f3b0 Thread added: 0x0000023bfb0ed180
Event: 0.680 Thread 0x0000023b9080f3b0 Thread exited: 0x0000023b9080f3b0
Event: 0.680 Thread 0x0000023b9080f3b0 Thread added: 0x0000023b9080f3b0
Event: 1.686 Thread 0x0000023bfb0d6310 Thread exited: 0x0000023bfb0d6310
Event: 5.727 Thread 0x0000023bb580ee20 Thread exited: 0x0000023bb580ee20
Event: 5.727 Thread 0x0000023bb58fc360 Thread exited: 0x0000023bb58fc360
Event: 1288.897 Thread 0x0000023bfb0d7190 Thread added: 0x0000023bfb0d6310
Event: 1290.794 Thread 0x0000023bfb0d6310 Thread exited: 0x0000023bfb0d6310
Event: 1291.832 Thread 0x0000023bfb0d7190 Thread added: 0x0000023bfb0d6310
Event: 1291.848 Thread 0x0000023bfb0d7190 Thread added: 0x0000023bfb0712f0
Event: 1292.961 Thread 0x0000023bfb0d6310 Thread exited: 0x0000023bfb0d6310
Event: 1292.961 Thread 0x0000023bfb0712f0 Thread exited: 0x0000023bfb0712f0
Event: 1294.302 Thread 0x0000023bfb0d7190 Thread added: 0x0000023bfb0712f0
Event: 1294.326 Thread 0x0000023bfb0d7190 Thread added: 0x0000023bb590a620
Event: 1295.474 Thread 0x0000023bfb0712f0 Thread exited: 0x0000023bfb0712f0
Event: 1295.474 Thread 0x0000023bb590a620 Thread exited: 0x0000023bb590a620
Event: 1296.988 Thread 0x0000023bfb0d7190 Thread added: 0x0000023bb590a620
Event: 1298.001 Thread 0x0000023bb590a620 Thread exited: 0x0000023bb590a620
Event: 1298.129 Thread 0x0000023bfb0d7190 Thread added: 0x0000023bb590a620
Event: 1298.141 Thread 0x0000023bfb0d7190 Thread added: 0x0000023bfb0447f0


Dynamic libraries:
0x00007ff67b520000 - 0x00007ff67b52e000 	C:\Program Files\BlueJ\jdk\bin\java.exe
0x00007ffab9160000 - 0x00007ffab93c8000 	C:\WINDOWS\SYSTEM32\ntdll.dll
0x00007ffab7fd0000 - 0x00007ffab8099000 	C:\WINDOWS\System32\KERNEL32.DLL
0x00007ffab6a40000 - 0x00007ffab6e38000 	C:\WINDOWS\System32\KERNELBASE.dll
0x00007ffab6420000 - 0x00007ffab656b000 	C:\WINDOWS\System32\ucrtbase.dll
0x00007ffa95b80000 - 0x00007ffa95b98000 	C:\Program Files\BlueJ\jdk\bin\jli.dll
0x00007ffaa2890000 - 0x00007ffaa28ae000 	C:\Program Files\BlueJ\jdk\bin\VCRUNTIME140.dll
0x00007ffab80a0000 - 0x00007ffab8267000 	C:\WINDOWS\System32\USER32.dll
0x00007ffab6600000 - 0x00007ffab6627000 	C:\WINDOWS\System32\win32u.dll
0x00007ffaa3b00000 - 0x00007ffaa3d94000 	C:\WINDOWS\WinSxS\amd64_microsoft.windows.common-controls_6595b64144ccf1df_6.0.26100.7019_none_3e06ffa0e335b8a8\COMCTL32.dll
0x00007ffab7130000 - 0x00007ffab715b000 	C:\WINDOWS\System32\GDI32.dll
0x00007ffab6910000 - 0x00007ffab6a3c000 	C:\WINDOWS\System32\gdi32full.dll
0x00007ffab7db0000 - 0x00007ffab7e59000 	C:\WINDOWS\System32\msvcrt.dll
0x00007ffab6630000 - 0x00007ffab66d3000 	C:\WINDOWS\System32\msvcp_win.dll
0x00007ffab6f10000 - 0x00007ffab6f41000 	C:\WINDOWS\System32\IMM32.DLL
0x00007ffa954f0000 - 0x00007ffa954fc000 	C:\Program Files\BlueJ\jdk\bin\vcruntime140_1.dll
0x00007ffa586e0000 - 0x00007ffa5876d000 	C:\Program Files\BlueJ\jdk\bin\msvcp140.dll
0x00007ff9d6170000 - 0x00007ff9d6f00000 	C:\Program Files\BlueJ\jdk\bin\server\jvm.dll
0x00007ffab8cc0000 - 0x00007ffab8d74000 	C:\WINDOWS\System32\ADVAPI32.dll
0x00007ffab8b80000 - 0x00007ffab8c26000 	C:\WINDOWS\System32\sechost.dll
0x00007ffab7160000 - 0x00007ffab7278000 	C:\WINDOWS\System32\RPCRT4.dll
0x00007ffab8270000 - 0x00007ffab82e4000 	C:\WINDOWS\System32\WS2_32.dll
0x00007ffaae5d0000 - 0x00007ffaae5db000 	C:\WINDOWS\SYSTEM32\VERSION.dll
0x00007ffab5f70000 - 0x00007ffab5fce000 	C:\WINDOWS\SYSTEM32\POWRPROF.dll
0x00007ffaa9c40000 - 0x00007ffaa9c75000 	C:\WINDOWS\SYSTEM32\WINMM.dll
0x00007ffab5f50000 - 0x00007ffab5f64000 	C:\WINDOWS\SYSTEM32\UMPDC.dll
0x00007ffab4f90000 - 0x00007ffab4fab000 	C:\WINDOWS\SYSTEM32\kernel.appcore.dll
0x00007ffa95230000 - 0x00007ffa9523a000 	C:\Program Files\BlueJ\jdk\bin\jimage.dll
0x00007ffaacf70000 - 0x00007ffaad1b2000 	C:\WINDOWS\SYSTEM32\DBGHELP.DLL
0x00007ffab8d80000 - 0x00007ffab910b000 	C:\WINDOWS\System32\combase.dll
0x00007ffab7280000 - 0x00007ffab7357000 	C:\WINDOWS\System32\OLEAUT32.dll
0x00007ffaa8810000 - 0x00007ffaa884c000 	C:\WINDOWS\SYSTEM32\dbgcore.DLL
0x00007ffab6860000 - 0x00007ffab6905000 	C:\WINDOWS\System32\bcryptPrimitives.dll
0x00007ffa62730000 - 0x00007ffa6276c000 	C:\Program Files\BlueJ\jdk\bin\jdwp.dll
0x00007ffa923b0000 - 0x00007ffa923cf000 	C:\Program Files\BlueJ\jdk\bin\java.dll
0x00007ffab8370000 - 0x00007ffab8abf000 	C:\WINDOWS\System32\SHELL32.dll
0x00007ffab62b0000 - 0x00007ffab641b000 	C:\WINDOWS\System32\wintypes.dll
0x00007ffab3eb0000 - 0x00007ffab470d000 	C:\WINDOWS\SYSTEM32\windows.storage.dll
0x00007ffab7690000 - 0x00007ffab7782000 	C:\WINDOWS\System32\SHCORE.dll
0x00007ffab8300000 - 0x00007ffab8367000 	C:\WINDOWS\System32\shlwapi.dll
0x00007ffab61d0000 - 0x00007ffab61f9000 	C:\WINDOWS\SYSTEM32\profapi.dll
0x00007ff9f1360000 - 0x00007ff9f1437000 	C:\Program Files\BlueJ\jdk\bin\jsvml.dll
0x00007ffa69220000 - 0x00007ffa6922b000 	C:\Program Files\BlueJ\jdk\bin\dt_shmem.dll
0x00007ffa95220000 - 0x00007ffa95230000 	C:\Program Files\BlueJ\jdk\bin\net.dll
0x00007ffaae700000 - 0x00007ffaae828000 	C:\WINDOWS\SYSTEM32\WINHTTP.dll
0x00007ffab5580000 - 0x00007ffab55eb000 	C:\WINDOWS\system32\mswsock.dll
0x00007ffa870a0000 - 0x00007ffa870b6000 	C:\Program Files\BlueJ\jdk\bin\nio.dll
0x00007ffa87080000 - 0x00007ffa87098000 	C:\Program Files\BlueJ\jdk\bin\zip.dll
0x00007ff9ed510000 - 0x00007ff9ed69e000 	C:\Program Files\BlueJ\jdk\bin\awt.dll
0x00007ffab3330000 - 0x00007ffab33cf000 	C:\WINDOWS\SYSTEM32\apphelp.dll
0x00007ffab3530000 - 0x00007ffab35da000 	C:\WINDOWS\system32\uxtheme.dll
0x00007ffab7500000 - 0x00007ffab765e000 	C:\WINDOWS\System32\MSCTF.dll
0x00007ffab7360000 - 0x00007ffab74f7000 	C:\WINDOWS\System32\ole32.dll
0x00007ffab3800000 - 0x00007ffab3830000 	C:\WINDOWS\system32\DWMAPI.DLL
0x00007ffa41410000 - 0x00007ffa4151c000 	C:\WINDOWS\system32\opengl32.dll
0x00007ffa69130000 - 0x00007ffa6915d000 	C:\WINDOWS\SYSTEM32\GLU32.dll
0x00007ffab37b0000 - 0x00007ffab37f3000 	C:\WINDOWS\SYSTEM32\dxcore.dll

dbghelp: loaded successfully - version: 4.0.5 - missing functions: none
symbol engine: initialized successfully - sym options: 0x614 - pdb path: .;C:\Program Files\BlueJ\jdk\bin;C:\WINDOWS\SYSTEM32;C:\WINDOWS\WinSxS\amd64_microsoft.windows.common-controls_6595b64144ccf1df_6.0.26100.7019_none_3e06ffa0e335b8a8;C:\Program Files\BlueJ\jdk\bin\server

VM Arguments:
jvm_args: -ea -agentlib:jdwp=transport=dt_shmem,address=javadebug -Dfile.encoding=UTF-8 
java_command: bluej.runtime.ExecServer UTF-8
java_class_path (initial): C:\Program Files\BlueJ\lib\bluejcore.jar;C:\Program Files\BlueJ\lib\javafx-base-23.0.2-win.jar;C:\Program Files\BlueJ\lib\javafx-controls-23.0.2-win.jar;C:\Program Files\BlueJ\lib\javafx-fxml-23.0.2-win.jar;C:\Program Files\BlueJ\lib\javafx-graphics-23.0.2-win.jar;C:\Program Files\BlueJ\lib\javafx-media-23.0.2-win.jar;C:\Program Files\BlueJ\lib\javafx-swing-23.0.2-win.jar;C:\Program Files\BlueJ\lib\javafx-web-23.0.2-win.jar;C:\Program Files\BlueJ\lib\junit-4.12.jar;C:\Program Files\BlueJ\lib\junit-jupiter-5.5.2.jar;C:\Program Files\BlueJ\lib\junit-jupiter-api-5.5.2.jar;C:\Program Files\BlueJ\lib\junit-jupiter-engine-5.5.2.jar;C:\Program Files\BlueJ\lib\junit-jupiter-params-5.5.2.jar;C:\Program Files\BlueJ\lib\junit-platform-commons-1.5.2.jar;C:\Program Files\BlueJ\lib\junit-platform-engine-1.5.2.jar;C:\Program Files\BlueJ\lib\junit-platform-launcher-1.5.2.jar;C:\Program Files\BlueJ\lib\junit-platform-suite-api-1.5.2.jar;C:\Program Files\BlueJ\lib\junit-vintage-engine-5.5.2.jar;C:\Program Files\BlueJ\lib\hamcrest-core-1.3.jar;C:\Program Files\BlueJ\lib\opentest4j-1.2.0.jar;C:\Program Files\BlueJ\lib\lang-stride.jar;C:\Program Files\BlueJ\lib\javafx\javafx.base.jar;C:\Program Files\BlueJ\lib\javafx\javafx.controls.jar;C:\Program Files\BlueJ\lib\javafx\javafx.fxml.jar;C:\Program Files\BlueJ\lib\javafx\javafx.graphics.jar;C:\Program Files\BlueJ\lib\javafx\javafx.media.jar;C:\Program Files\BlueJ\lib\javafx\javafx.properties.jar;C:\Program Files\BlueJ\lib\javafx\javafx.swing.jar;C:\Program Files\BlueJ\lib\javafx\javafx.web.jar
Launcher Type: SUN_STANDARD

[Global flags]
     intx CICompilerCount                          = 12                                        {product} {ergonomic}
     uint ConcGCThreads                            = 3                                         {product} {ergonomic}
     uint G1ConcRefinementThreads                  = 13                                        {product} {ergonomic}
   size_t G1HeapRegionSize                         = 4194304                                   {product} {ergonomic}
    uintx GCDrainStackTargetSize                   = 64                                        {product} {ergonomic}
   size_t InitialHeapSize                          = 536870912                                 {product} {ergonomic}
   size_t MarkStackSize                            = 4194304                                   {product} {ergonomic}
   size_t MaxHeapSize                              = 8535408640                                {product} {ergonomic}
   size_t MaxNewSize                               = 5121245184                                {product} {ergonomic}
   size_t MinHeapDeltaBytes                        = 4194304                                   {product} {ergonomic}
   size_t MinHeapSize                              = 8388608                                   {product} {ergonomic}
    uintx NonNMethodCodeHeapSize                   = 7602480                                {pd product} {ergonomic}
    uintx NonProfiledCodeHeapSize                  = 122027880                              {pd product} {ergonomic}
    uintx ProfiledCodeHeapSize                     = 122027880                              {pd product} {ergonomic}
    uintx ReservedCodeCacheSize                    = 251658240                              {pd product} {ergonomic}
     bool SegmentedCodeCache                       = true                                      {product} {ergonomic}
   size_t SoftMaxHeapSize                          = 8535408640                             {manageable} {ergonomic}
     bool UseCompressedOops                        = true                           {product lp64_product} {ergonomic}
     bool UseG1GC                                  = true                                      {product} {ergonomic}
     bool UseLargePagesIndividualAllocation        = false                                  {pd product} {ergonomic}

Logging:
Log output configuration:
 #0: stdout all=warning uptime,level,tags foldmultilines=false
 #1: stderr all=off uptime,level,tags foldmultilines=false

Environment Variables:
PATH=C:\WINDOWS\system32;C:\WINDOWS;C:\WINDOWS\System32\Wbem;C:\WINDOWS\System32\WindowsPowerShell\v1.0\;C:\WINDOWS\System32\OpenSSH\;C:\Program Files\dotnet\;C:\Program Files\PuTTY\;C:\Users\JuanM\AppData\Local\Microsoft\WindowsApps;C:\Users\JuanM\AppData\Local\Programs\Microsoft VS Code\bin;C:\Users\JuanM\AppData\Local\Programs\Antigravity\bin;C:\Users\JuanM\AppData\Local\GitHubDesktop\bin
USERNAME=JuanM
OS=Windows_NT
PROCESSOR_IDENTIFIER=Intel64 Family 6 Model 191 Stepping 2, GenuineIntel
TMP=C:\Users\JuanM\AppData\Local\Temp
TEMP=C:\Users\JuanM\AppData\Local\Temp




Periodic native trim disabled

---------------  S Y S T E M  ---------------

OS:
 Windows 11 , 64 bit Build 26100 (10.0.26100.7019)
OS uptime: 0 days 4:54 hours
Hyper-V role detected

CPU: total 16 (initial active 16) (8 cores per cpu, 2 threads per core) family 6 model 191 stepping 2 microcode 0x37, cx8, cmov, fxsr, ht, mmx, 3dnowpref, sse, sse2, sse3, ssse3, sse4.1, sse4.2, popcnt, lzcnt, tsc, tscinvbit, avx, avx2, aes, erms, clmul, bmi1, bmi2, adx, sha, fma, vzeroupper, clflush, clflushopt, clwb, hv, serialize, rdtscp, rdpid, fsrm, f16c, cet_ibt, cet_ss
Processor Information for the first 16 processors :
  Max Mhz: 2500, Current Mhz: 2500, Mhz Limit: 2500

Memory: 4k page, system-wide physical 32557M (19132M free)
TotalPageFile size 34605M (AvailPageFile size 18873M)
current process WorkingSet (physical memory assigned to process): 51M, peak: 51M
current process commit charge ("private bytes"): 617M, peak: 618M

vm_info: OpenJDK 64-Bit Server VM (21.0.6+7-LTS) for windows-amd64 JRE (21.0.6+7-LTS), built on 2025-01-21T00:00:00Z by "admin" with MS VC++ 17.7 (VS2022)

END.
